2025-10-26 16:56:02,870 - INFO - Z0FBQUFBQm9fa1NTdmxaYWRxbzI4S0h2TUZ1LTlYZFliQlhhNEdtR3QwTm9SRW9HTDRSSlhubnJkZXUyV01KVGVSaVdNNjg0N2w3LTlVY1R6MmFLWXVHTVVSTHl5ZlZOYVA4VHNjMnRwQ0hWMzg2ZFpXaDFhd0kzbTNnZDQ4ZlAxRVVITUI3Rnl2YU8=
2025-10-26 16:56:10,687 - INFO - Z0FBQUFBQm9fa1NhVTQ2cFlJczV3QzdKQk1LWTNJbFprRklkTHA2M19iRTNNNmVlanBoMTBBVHZTVWFZMkNFdG52b0k3Y1hMOXg0VnNab0VHMnJxOW9KbnFvdnNOTUg3UzRQQ2NrMjFLYkJNTE9acEJCZ2h6M2wzakV1X3ZZNjFfa2VMbDZnM2R2Q1pwQV9OdUloZEQ5LWxGUV9GdWVhZml0c0ZwVEg4Sndhb1pldURyX3p3d213PQ==
2025-10-26 16:56:50,055 - INFO - Z0FBQUFBQm9fa1RDSFRmc2lyOFlxQms5a3JCR2NCN2x6R2tQZW14MVNGeFJBTnItcjJNclFpdkdTYV9KVHozaVg1R0p5QmdmRTdRY0E0YkE5eEhoLS12dy13QUtBZzZZZ1J6OHV1NC02RWtWLUhwSjctSUZCTFA4djRvWUNpeF93blN2S1pvaVVCVXRSeUdrV1BXY1VFWE9wVkxFMVZOV1BCQWpVckdSaEUtMW0wRlhzYUg5aGJRPQ==
2025-10-26 16:57:19,120 - INFO - Z0FBQUFBQm9fa1RmYkNRS3o1dmFBZ3JadnkyS3E4cFJhaF9UVDZrWDhVNUZLbU1MekZUX0NWTDh3RElmVzRfUERTNFhMMGNjOFBoTl81NDJNWE1aRXdYMjJqRHduTkFaOEhqSGpaSDB3ZW8tSVFDOGJmRHg0S09mLWdIR25LTUw5N0I0YlVSTmVwRXZOX1BnMnE1SVNZVW81anY0aVpjNTlJWDV6NkU1SVFnMEMyVlQ4dm8wb1QwPQ==
2025-10-26 17:06:39,140 - INFO - Z0FBQUFBQm9fa2NQY0dSckZjYVBFb2ctdm9UQ3lhRUJJRk9DWkxGQ29kS24tXzJtM2E2TnlUMktEOTNLcWZjZFpDajdMOTFxTGk4VWl5YlBDUThNdEh5UU0wU3Qya09JVEMwOEl3dVpFVmc1XzRzTzY5QmtPS2dTQ3Q0OWt4YXBDNlhPbllBTlUzMXo=
2025-10-26 17:06:50,494 - INFO - Z0FBQUFBQm9fa2NhbENfdlk5MEdEcmVnYS01MGlIdTFEWkdsWmNPc25feWtoSmIyUXI3T29LbmNzd0VIbkFzaVVaZHNzV1hDelVZWTFDcU5ZMEpNZ2RTVGdnbmxpNGRsZnp3VWNfbTIxSU1ObmdEYmJydWZFUGdJLV8yOWczUjZkcFhuRVY5TXE1Unl4V1RoaFFFTE4zb2dwSWFJX0ZIUDdPSlppa3ljUEdVWUZrR2drTlBTNTc0PQ==
2025-10-26 17:07:06,060 - INFO - Z0FBQUFBQm9fa2NxVGJERENCYmtxRGRRQTZoUU54aURFWjV0dnhZM1NoR29xbk1QOGZ1b0ZDOGZjWm1nUHk2Y1NZUWxma2pTUWtCS0l3SkNUM2Qwa0dJcU5DWVFHYUdiem5TR2Zvdmp5VlFscFRXTnBwYzRacU01ZENzMHFyUE1hLWdLSzNHNDFyeVd2QWxzTWI5Rzgtc0Y5N1lMQjV6SG5PSm5UUnozZkkwX0NNSXFxMHFiLVowPQ==
2025-10-26 17:08:13,716 - INFO - Z0FBQUFBQm9fa2R0RDVsV21acU9YN1ZaRW14cmJ5NFgxT0hZQTc3RTR6Z3FMa1dBSWV0ekRHeHg3M1dWUTRkTW9kcU9LOHdia3o0a2NUMnhab0pkREg0V2xiWGh6RGxOVHpsMDlrYVBGeGk5OGpPMFdfcEJtcDR1UHRZa0dmVm41UldqS1ZpMURreFdYUWxQdzhRcDdtcjhMM3dnalBhYWFBWkNLaUxCSkZJWWFwX1JPVjdBWkkwPQ==
2025-10-26 17:08:30,223 - INFO - Z0FBQUFBQm9fa2QtVE9QdTVieHVGY3VBMXFHN0hmZm04ejJ1UXFNYlNsMU41RW5NZkpQMThqQjMtY3pfUDF5ZzJ0WUhkVGxpc0wyX1NQLWhQYk5kWFFjaVFjbS1QSTVuRl90YjlOaS1XX29EWTlrTDBjMk5NTnRKQUJDcy1jbl95dVpELXBvZGxFMXNrbEdQR2YzbWpUaG80SUY1MXI2dGEtYVBwSmpzV0EwR0Y3dWdzVGs0bW1VPQ==
2025-10-26 17:55:31,065 - INFO - Z0FBQUFBQm9fbEtET1htdzh1bHVxeXEzT2Itd083ZVk0dGFpNmhxalVEdDkzV1hpNmhSSDdLZzhyWHQzdEZHcngxTW91cjROSXJrVmotR0FDNDQ5YVRTLVdBU2ZCS1p6cFhoc0s5X1RSR0hPMks2Z0k5REVKV3cyNjIxMUhiRU5WXy1FdUd5dlpXc2I=
2025-10-26 17:55:37,311 - INFO - Z0FBQUFBQm9fbEtKLVRKaXVzVTgxeVUwaWFBbUJ6aFotX3VCN29oSUltNXIwMjdFNlNJRnVmWV8yQjItS0xQNGJlNHVQalJIUy1vZ0JfNnRDcjJQclQ0Q3RKQnVVTTlsQThYMGJrajlkZDFSc1hzUVM4b0JiQ29XckZ1OHlKY3RvenJVc2IzVTVrWWZveGR3b1dOX2FGckpZTEg2OEJEQ1U2blJfVFBXUmlfMk16QjZRVHNsM2JJPQ==
2025-10-26 18:18:18,782 - INFO - Z0FBQUFBQm9fbGZhZ3lzM0ZQaFpxZG1oNFgxdWRsUndtUHNPX0dGekxQLW1uR0w1clhFM0c2eXlUSGJha2xlcFpSLWZqTF9mM3RBeHBHRkZES3Z2amlEbXp5cm8tRkQ1UUNqNUdQZ3Y0Ty1PU3RIYkViekgtbEVsRGhsXzVUVjZBeGJuZDY2UDlqTEs=
2025-10-26 18:18:25,852 - INFO - Z0FBQUFBQm9fbGZoOFEyOGE5TU1DYXRzR2FtVkhac0o2YzdyM0d0LVJwMmdVTDBSelh4U1NqZmxST2ItMmJ1ZFlKQTd1Vk5KYi01WHNET1FrMDdEME1rUDZ5WThmYXQyS3pma3hjX3BCRDJWMmtmaUFFR1JYUEdYdjBhbDMzdTNSbzdyVThPVXR0cGJZVjBUZ192SmJFLTVSdzA4Q2FicUd6Mmw1ZHBKLXNIclktemxsVmx5R3lFPQ==
2025-10-26 18:18:47,623 - WARNING - Z0FBQUFBQm9fbGYzaGxSaWZEeGV2dTVieDJvUUN1S0E5VVp3MFc5TjNPTTZGQWJEOHZEX0ptWkZLOWYyNHRvNzV2Nnh1cktDaGYyZThkaXdzM2JZRUM2Um9yRG9idi1lYzR1Y2lyeVpraTU0ZTZpanhwMjN1czhIVjF0cDBFSVhRdjJ2blpIVXFlb3BKREo2cW1fSDRKbEhuLUFzZjFSTXhEMWJCMWNBeWFNS3ZkbTlhVXVxVjZrPQ==
2025-10-26 18:18:48,760 - WARNING - Z0FBQUFBQm9fbGY0SkNqWVRNQlV4VzdHSDZuanpHSUI3UTlmQXhGSjVlWVlhS19xQWtKTDAxZXFPNFhqdEZhbXJfYmZXYktJQjAzeFc0M2MtNjd6S2t6MkdEZ1h1ZWVyVnhVUlVKb2x6Q1RXak94a211ZC1mbGZJc2JrVGJqYW9hTUNtUTlYcUJsWDRJZEdlcEQ4LVlQRW1nVUNSWUtfMUdob2RQRzBEWmJGS1R1dWJWb01nMGVvPQ==
2025-10-26 18:18:49,595 - WARNING - Z0FBQUFBQm9fbGY1S04wS1M4YURrTjNoT1JYOS1QcnYzNmU2QmIyeWwyX2NwZDJaVG11YjFpRmJkNVZnX3VzbVdrWjI1MG4zQ3AwV2NpSXZ5MEM4U1E5RFJWR3U5RnNUMFdGTVRNT2h6X0lZVThMakg3dUx2RWt6bi1fa3RSUFVRU1poaFpRcjdBS1ZXeEd6NTNUY2RrZ1VxNmhpSzJmN0c2OWgxTVB2ZzdIVXFGc3dfNGVrMTI4PQ==
2025-10-26 18:18:50,223 - WARNING - Z0FBQUFBQm9fbGY2T1NYWjYzSVRDeW56UWVlYkYyY2ZDVGV5WFdOX21sNG9LM2VrOFJJS2JNdDdNUmM4Tk5xVUktTE50WXlzcU15aDRoQUE0d1F6bG1pbjlZZFM0OW9tZHdtVGlyZ2V6WUU3dDVMVVhRSnRvdWxiWHJqVkx2NEV5WkhUbXo5VWxQejhRN0ZwTFJNSi1ISWcwTTBjbnFfMXBUOGF3UE5tQ3Q5ekk1Xy01OXVxUXRZPQ==
2025-10-26 18:18:50,842 - WARNING - Z0FBQUFBQm9fbGY2VHljVGg5VkdWX1hPZkxHUHB0bWFFWTBNblJOS1lHal8zS1RRM3RnSFMtb2Jxd0tEWDUzLTNDT0NBSVdvYm5ERVZsY0lMWEgzTnBjeEQ3V0h4anY4c1oxVzdwZTVOZWRTZFN0TnI0V29tT2hiRUNHWXB3N3pQQS1MRXFkQ25UWXQzbm5uNldjTmFPeHZQVFFORmVfdU1icWRuUUNWbWJKOVItOFRkYmhrSk1BPQ==
2025-10-26 18:18:51,692 - WARNING - Z0FBQUFBQm9fbGY3Tk1qOXdBQjVibHVXZlZjdldPbEdHQW81bmFoam4yeVdpNWVYNEROeVpTVHdCcTRqWlBxVllNVGRkbGVHcmxfVE14eFppNG9uVFNYT3VOWjhfMnhLY1ZjZlVoSnVDeE9TT3VmbG53QkNLNGNkQlIxLTRaYVpGS1BCVlVtVlpPTjBlQmdnb0NWRDBQRnpzXzZuSjd2bnlERjNsWWV3b2FJeGR3STQ4MVJkMTRVPQ==
2025-10-26 18:18:52,389 - WARNING - Z0FBQUFBQm9fbGY4VDJiaXhreG9SSF9BNW8wQ2ZZMnVhZndaREU4eTF4VEpsaUZ1LXd5cHJXWlZoZlJhU1VYYS1Bel9iVXRIZG9qRldiSDlJTERDUWhfbXV3TDB0d1lmendmRnBIT2dGVjFJUGM5RjZYY2ZXYkN0cTZOaERyT1BRRUVGNlp5eF94R3B2N1lxR3VLSzJWQnJaazloVl9DUTMtZ3RQMTJudjZFS3ZMNWtMdV9TWUlNPQ==
2025-10-26 18:18:53,015 - WARNING - Z0FBQUFBQm9fbGY5QmkyRmhFUUI0OXdKQUd5aW9vQzN4azZHYzhXYXgzRk1nbkoybGE1MHdDa08zYjl2aUJiTmpVdXFOVlVxM3VGbEU3aUFIamdBamVVNEZDUE9TR0VmdW5iWlQ1LTRYUTF3SXBOaktSR19sZmd6ejdTNDRtdzA5VmhCZHhyNWxmamVNZFFaN2JrOGFjd2lhbFNWRzJMV0N1Mkl1ajFkbzk2UUo2eDM1MlZ2bFljPQ==
2025-10-26 18:19:27,820 - WARNING - Z0FBQUFBQm9fbGdmdUo4VlFlZEtZYlNMYlhfdkVHWi1ObS1LbDJuWTlFU3p0TUo2aEY0bThuRndwRHhrQW5kZ2pZX21tZXE5SkpQRW9tWFJJbnpKWm12clQybFN4VnZMbGNPT3Fydmw5NUxKS3RTNFJoWkhZT0xTeHBCMkc0NjNzY21rOWZGSXFKZXR6dUNFVkdneDZxVFp1bWJLREtWMTBDMUJMY3QyR18zU21zZzEzX3V1TnMwPQ==
2025-10-26 18:19:28,847 - WARNING - Z0FBQUFBQm9fbGdnUk1LZlUzNDlqaUpmLWxaN082amJpS0h2Mmc1Z1NTbHY2eGF4bGpuZDdlMWtXNmd5SkwzZUJtZjN1UGdlTDZHbGNQeUE2ZmYzMzgzM0xHNk52c3ZybUt2MHVJdWlRSkEtT3pYa09LV0hkRlpFa1FFRUJidWxwQjNWMkdVX05OOWlzLUhiRlRrV2VCNmwxRlZkaUdYQzRaVFY5ck53RXBHU1JfX1ZIU0pqSHZjPQ==
2025-10-26 18:19:29,377 - WARNING - Z0FBQUFBQm9fbGdoY2tjU2tZNzNGUTh4WVhRWVhReGVudTRmbUZnQm9leXVEcjJEQjByNUVsNDRDVzRZbFp2VmRia1Z3ZVpsdS0yaExOQ1hxTkNpbENXOEUtQzdicnBReW9Ca3dMLTNyTkdjajVxcjdNbVI1RUZ3MUlHSHlhaWtEdHRUb2p6M2hOcHhHQmJ5amZNcXJZZm5sNGtXTXRhcDk1YWNaMWl1S25rWkpRcFFtQmZSR1o0PQ==
2025-10-26 18:19:29,922 - WARNING - Z0FBQUFBQm9fbGdoeU01TjlKMlhrblktV2hZbV9JSDdabmdndElnbUYwSUwzSEtpS0U2TVVpSzN6d3BQVmZDX2I0VEdNUml3Zk04RVVOcVJwOGZRNHhqS0NuOEpFZEtqYU9mWFU2dHduVTJqaElwYXFPaXUxSy1ZeC11bUVVT3dSNmlsT0wtd1ZNS283cE16V1QwN0dSQlotdlp2Z1VVY2JjSThjN0lzT3hrbUEyZF9pSkN4VkpRPQ==
2025-10-26 18:19:30,427 - WARNING - Z0FBQUFBQm9fbGdpT1BvTVptcURSZ2liVXNuSXhJaU8wbnVIVDhJcjVMWEZBSk5FbFVDRXB1S3dMVC1CaEJ3eTdWMlF5S1hnVXgyekV6azkyaXVQY3ZiLWQ4VnhXc2dwZ01JandsLW5tMlF3MDVnY1lJdl9ZaERjSmd1Y3h5TDYxSENZb2xZYTdIakZfS0FOcXVpVW5GY21oejFOdFFVZ2NsTlNHUktwR3hxSTEzV3I5NEZWR29RPQ==
2025-10-26 18:19:30,922 - WARNING - Z0FBQUFBQm9fbGdpNzctV09uQVhZY0JTbTNvN01SQ1hVRG95NVRTZ091ODhCUVRUbXVWRWhFXzBOdTNDX21XRFY0Zi1faVdQMzE1S2hzNzN5X1lFRUVWc3BTWE1pS09FWmVWX21fUDVXdndzRDdMTUxwVmNqb0NvOEtaUkZnRUVOaDJxZWdtX0piWml6RnNzNms2M1Q4SzE0dWpZRGNnUlI4WWM0NC1qUHZXMDFHUHQtZmNpMnRFPQ==
2025-10-26 18:19:31,384 - WARNING - Z0FBQUFBQm9fbGdqa3lOc1o3RHJpelc3Qk5lV3ZFQUxRdFlVemFVRmVLa0QyVmFFb0lHZEw1d1lGZ1EzLVRrN3FUWHFiTG1zOFc5VFpXd09ldGw5cTlaQXY2MElvT0JvTG04dTUtMHBXS1Q1NzVJcFhLQ1BKb0lYNnpfTDZidURMSS10RHpmZHpnWU96Mmxsdm9fTGdmQkJFeDRDazRfSW9vNHBFbDBSeXJRZ29IMEtheU1mVHdZPQ==
2025-10-26 18:19:31,862 - WARNING - Z0FBQUFBQm9fbGdqZlg0bWlBbGlLbEdNYWJSWVNNbGZpbExacng3LUx6VmRKTFZNUGlvTTBtR21OdHFaNlZoTmE3MkpkekM0QzdDQV83UGY1ZDZWUXdGZWRJV2JGQkV0RF9LRFRpZVhydGp3N0N3VXV6X1JITHowbjZpd0RGS2Z2ZlA4Sm85cDVWckRMSkotZi1EOEhXempQZ09YdU9KVGk2b21QUDc4czl0MEJmRGh3Nmd5LVJRPQ==
2025-10-26 18:22:00,811 - INFO - Z0FBQUFBQm9fbGk0cnVWRmx5emFGNzlhU1B3SmYwME9hak9LMFNFWGFWSGVFQ3FPRU5TRUFIMVFaenRIbDFlaE5oYWtnS2oza0YzOUY4V1FmOWlYUVB4dkpSTFphNGNhbzcwV0duQ2R1RUhwVkNGa3BPVW5aYzlhNUQ1OHB6ejB4TzVKOXhNOXJXOUY=
2025-10-26 18:22:09,912 - INFO - Z0FBQUFBQm9fbGpCSDJsUkMyNU9sWmRPbmZHYWNZT3dKNDJYb21RdTdEMTBRbGJVQWR6ZHZtWGZKQmpuSHZwMUxvZW9JdTNvcHFZb0dzSncwSldVMVo5bXpBcFZfVWQtTFUtWThkTllWV0xHSk9yc0ZFVmFzNFBxMzh6QWh1WF91elVidHI4UlJuUl9qamF5Z3AzVTZSbFhtc1pWTTVYdzJiVENjd0dfeTgtOFlMazBnNjdRZ0RvPQ==
2025-10-26 18:22:16,449 - INFO - Z0FBQUFBQm9fbGpJZkFsYTFMU0x1d2dZRjJvSzVQQ3JxbUpQVFZ3d2xWQ0NZS3lXdERYUklMcEN5MkFGTlV3SUg5SGVJemoySkxFd0hzS1BySEgyVmpGZzMyNHBwRzNkallDeENoaW9pUk5od1pldWtvZWpKb0F0OVVkS3NmSFNFYmJ2cVQ2TGdhbVRJWTRqNlpGT19JeFdXYTAyOWhUVVBhRVVFNGdtVWNmRGpYekVoQVRqbTJVPQ==
2025-10-26 18:38:54,239 - INFO - Z0FBQUFBQm9fbHl1QXlWUkd2WU9pVmVXOXBBZG9xX29LdFhKQ3JKTVl6X1VUZndLM3FsMlRIdzlsWTNwTzFkdDZuSGFvUU91QXRqYlpqRE1wcEhUUDF6NWw3dTlFTzMtWVd2SDljMmFfbDJtLUVHWWJQcmZ0SVFkanVlRDBEczRwZUZ6QzBHZHZVMms=
2025-10-26 18:38:59,976 - INFO - Z0FBQUFBQm9fbHl6bFRPNWdPeGcwWmlxdk5PdGptdWEzUWpYR3hpaW1BYjhnMWNQaVd2S29YaDctb2NoUkkzcHF3OEFHemVhOG5NT0dQRkVCUm8yajlGeGl4TlhDM0hYMndBUkpyVU9qNlpOQ2Y2N0JKeHhhNGlvdjVXYjktWUdfb2ZhVmM1RnN3NjFLcVZpUVhBdXEzYXdqZkdWYWFraS16OVZULWxXei1HSkhkR3RxYnNJMHRBPQ==
2025-10-26 18:40:06,209 - INFO - Z0FBQUFBQm9fbHoyajJkN0ZIVDhlQTdtNmVUVW5kRlJqRDFpajJnS090MWR5MUx1RWhGQ1MxZmRMU1FGUkt6bkhIcGdYbUFibVdqOFNDeV9qRWYzOHl5dzVMS0tncnp2cnFSbjlVbmd3akd5ay1PVGJSRFVIdW1UaGxIdFo2eW9EcW1vN2U5a21yREF6cjh6RDFqMnNNN3k2WXJfUG94SHVGMEl0VWgxVUxJQVpPRVc2VXZHS1F3eEZnSUVhZnozVF9wbDR3X3EwcHk0
2025-10-26 18:42:43,359 - INFO - Z0FBQUFBQm9fbDJUZlpZY1pqRHQ4TzZaeE1oUm9LekJUSDVtMWZ0RDBBNmEyUndoV1J4QkhFNjhFOEJxOWtOaVd0R0pMemVxbFV6NFBhbU9MeGd2UUxDbGhwNjhaRHdSYmhlOXl6WUdYbnJCU2ZDa2pNQXRCYXF0NXlxVHIxUkZRS09EZ2RVaWU5MWw=
2025-10-26 18:42:49,005 - INFO - Z0FBQUFBQm9fbDJaUWpRUUg3aDBGQWNyY2tkUFJXOWtkOWY1NFFwMk9mR21RMVFkSmRRUFlsODBIWXZ0Yk00LVNYd2JKU2d5dXhOaDJDUFNySkROOWdKRWFJNENEczZ2ZDJLR3NFbDVQR1VEUjFsd2t5VGNBNEZHVTVCVkRwSmJZeGJheGNPSzZsS2IwTlJ3QUFRRDUyWVlBR21nMm5uV3YxZEhqUUk1cGRWSjhIMUZHa2JIWGEwPQ==
2025-10-26 18:43:05,260 - INFO - Z0FBQUFBQm9fbDJwSmRxOXplZ3NJNHRGWTNHRWxDdHZrVkotZV9UaEdZNDNiN3ZLempzZnZ4YURYNXVSY25XRjdCVXIyMGVRb0JFQ25HM3BXdFJ5OHRuS2JwWS1Ha04tbVNabFAwc0ozOWpkNlVTQkExbVJnbldxU1owVF9xX1NuQzVnTDc0REJtdXhJNlRiSDRxY08wZEJxQ2wySnRhdHViTDlCdVp5S1lHV2c5ajhLTkl0d1gyLThxT2hhYlRhM000WjRqTjM2dERU
2025-10-26 18:48:07,174 - INFO - Z0FBQUFBQm9fbDdYdEFiSFhuREtSOUtMV3hnS2pkaVdackFuMVlxY0ZLNEdOVWlRX3pvYzdmanZqc1JBRFF0Tl92cWFndjRTNHpHWTNhYzR3NnFyOUpWM25YS0s5eDBGelltb0k2ZHpRUDcxa0o4YkdmNDZ1SWc4WnNlOHhKa2tVa003Mm5PbHdnRFI=
2025-10-26 18:48:12,478 - INFO - Z0FBQUFBQm9fbDdjckFZRHItUmt2QWFsemdLUzdIWUZPMTFfVElidFlGTld4UTRhYkdySV96RGM3dTVpdTV0YXA0VU9xOU1ncFlieW5CWTlTRG0yc0ZtRkpDMGtZdXJ3VmhjQ3R0UDJIeVNJWENBeTNrUFloSTdOMGVrSm5falhhT0tDMGtXUXo4Mnl2dEJ2SWlMRFdlUldUT1lJOVBIYlRVd1phNEdpdHFqd0lVb1ZzMjhQWE8wPQ==
2025-10-26 18:48:41,074 - INFO - Z0FBQUFBQm9fbDc1UmFCOVdIeUg4eG5FWU1ONThTZ0RqNE5CLWlhRGoxc3NkWnRKZVRlaE44OUNRdTZaYmdLQVpNYXZRbDZSa0RqdjJYUmJGT1BFeXg5NzFtVS1CMUdCUHk4NUlER1hRYnFLY2syeklBY2hId2xwXzRVRHgxbGlDOGpBUXNhUjBqR1dNcVkzS3dCN3RIaVdTN0xzNXRVWXpIeWJvV21Bb283b0tTRjU3SjBndkdNPQ==
2025-10-26 18:50:43,723 - INFO - Z0FBQUFBQm9fbDl6TjBHU3BlaTNVbWgtUmtaTm5mMXJrRjBpMWRLR3J0a0VnZUxEa1lGTkRyc3VrLXVjbUhVekRybUwwY1c3dkpsSXdfS3I4enR0VGcxWm5wVk9VbElrZHVwWUtnZi1SWk4zVlAyQnRuVFBrQndQdFFVb0s5ODd1azRreDk4UlRKX20=
2025-10-26 18:50:45,980 - INFO - Z0FBQUFBQm9fbDkxNTY3bGY2eU52bV9vbGZWSnd2TXpGb0xSdm83OXBaSHc4di1WQzNwQUU5LWRnZlBabGdnY2I1R1RqQWliNlplNVJmTlBJRDc5SGdNWXdMcy1OWVpETm5yWko2S21qYmVEOVRTcTBqdXp6QzJQOV9WUFBLLUJ0QTM2ZWZUb0VTOU1VUy1KRE8tTzFqMGo5NjhiQTAxLWh3PT0=
2025-10-26 18:50:48,013 - INFO - Z0FBQUFBQm9fbDk0UGRxWUdxQWI5LXJfcFREbUdNNS1YaWJuc2l3dmVMT01Pa0dSdkdHZFlmYlc5U2xUMmZ3bzN2b291cXhYMFV3VHo0UFJ5OFJkUG5DaWxyYUJnWnlwSzRHRThhWjFtQlhJMlROWjd1MTNpVEVhaG1IeVBvYUZCNkJ6VUNFTEo3WTFZWFJ1eElHN2J1b2g3VG1zTnVqbnJnPT0=
2025-10-26 18:50:52,651 - INFO - Z0FBQUFBQm9fbDk4SVdDM2VfUE10MDcxdUdydlhJVVVnNzZsSWNnSUlwdGJWSkRsS0QxYUFubkpodXkxX1hFNkd1c1lxbW5XY0RrWkwzVFRPdWxVUTFyelNuVnZSMFBXZWxVNjZfS1JVYmlKaHMxbXlDRVFOMnp5ZGg5c2ZMSDdMTTNfZDNNazJrcmZBU1dnbFB5YU1GMHhQQ3dpb2tkb2FnPT0=
2025-10-26 18:51:00,237 - INFO - Z0FBQUFBQm9fbC1Fek9XMlpFR3BUdi1rLWctY3FRc04zWmdSWFRROVpPbmV3bWZmN09JcGFOcE0zSUJKYkhqYkxkTGRNQjJtQjVFdDJxbHJhWE5najUwVGNJMHFCaGRPbDhjU003YTA2S3RYekN6OG44V1JaUjRhU0NZUG9GX3ExNmVrMFZTYW5EQ20yX3lZVFQ3X0d5WUh0dEtQdThNSkx6M1lMeHFpek9GNmVTSW5NWF9oLWxBPQ==
2025-10-26 19:04:58,475 - INFO - Z0FBQUFBQm9fbUxLU2VlTE9XVndKZzI2X2ZnVlAwLXFJaGpSakVlUXZvQ3MwYzliYWNXcC14TWMzQlVyR0pOdGRBM2NITUV5RUpnMExGSnotSXlvTFQ3X3NDMVRNNG1DZkx3eU1WeFUwbjZLVC1mOE5FSm1YcF9ldldlSElwM1JKX1l5MXZTN29LVHc=
2025-10-26 19:05:03,730 - INFO - Z0FBQUFBQm9fbUxQNzhNMlR1X1pxV253cGcwbTdMVW8wYjNNeUltWUVxNE14bi1UcjZmQUl6NEYzakRjSDBjbXliX2RqaDZDX29vOXVrNzhpdUV6NllkNnB5S1N2U2ttQVdxZTBHNzBSTzcwZTNHaHg4enlIR3FQLVlLcnBxRXlTYW1ITXFlR1hPalM2a1RreVdnenF0M1BlSG1Rdmd0elBOekxXWm9uZldFTHB1eUs0dlhCckpZPQ==
2025-10-26 19:10:16,692 - INFO - Z0FBQUFBQm9fbVFJWGM5OWJUXzRRMGVUOW9pN3JwUVNSWDJfdUxZeTBKLTBZRWJBSEstajRFSVA3Q2pWLWgxQTlwd3d0RUpPdk5ZOW56OUNQMHFOcmtOcmFsX0Vod1N5TTM0TkJ1QnhRbElkNVRXNVFZMzJTekszQmFCTzlFbGhMa2lfdTZzT2lVcnM=
2025-10-26 19:10:22,475 - INFO - Z0FBQUFBQm9fbVFPQlp1cE1GaVIzRjV4OE01TEVqMDBfZDJHZXpTY2U2UWhUVWVWLTM0OXFOTG5qOUhfb21JLWVIWTdicDRoWnFPTWhnSHJXWjBvMkxxbElwXzh6SjNscjJIbnp0Zk1XZ2hQSEcxOEtDMTlWbVFaY3pmcXkyb3lhdVJoOWdMOTZuZGFOZXJsQkF3TnZXUE5rZ2psZlFnMG5MV21jejdSM21fdHdzREs0NjRSQ1U4PQ==
2025-10-26 19:19:57,182 - INFO - Z0FBQUFBQm9fbVpOTFk3Q2VSYWZ0THJkNzRFaWd3aFlOWWpkODFLcS1OQmN4eFN0OF9GMVBJUzV4R3hLTVF4djJBRW9MXzducmE1R3h2MXllTnRDRTFtNFJvd0JOSnEwaktrWmY5ZE1BYWdkM2Q3N2hmb2JvN0liR2ltNWdKUGsxdml2WHN5UXpaOEU=
2025-10-26 19:20:01,766 - INFO - Z0FBQUFBQm9fbVpSYU5iS09qb01XSTRlR2FFLVE0WGppOTNpRU5odWduSUFpZWZtOW1jYTVXMHZTYmdGX3ZrYWsyZGltdmxwRHltdzhqUUhDcGtrV1FrTU5BS2dRZGczSG9ObkhoMFBZc19fMEJtQm53OWRZYjFTM01KYUtMZUpfV2twMlFwbkhPcmtNNGRPbWE1YU45MktSTnR3UWNPYlhYMF9sYXBUTVRhNUFIdHR3M0FCMW1JPQ==
2025-10-26 19:25:06,401 - INFO - Z0FBQUFBQm9fbWVDSE1yVmo1R2tVRDlnVmZaUlk3clVHOFdqUVNsZU9tWjEzZUlHdjRxdk44ek5WRU05MXJ3dzlFUDRXR1pFMVVkME1WMkx1RkJ6MDVfUzA4RTd4LVpIOGZRMUctYWxfczc2cm1sR2ZjSTBzS29ZM0lfeUZlWC1nOGxpTk4zZWF3QUQ=
2025-10-26 19:25:12,877 - INFO - Z0FBQUFBQm9fbWVJMmVqcy1RQ05lV2czX3JxU0VGeUFmdVVNYjVFWDktWl93SjVNQnVoMmdIZUpOaHg1S1ZnUVphY2xfS1IxVXhOcmprM3JHRWNKMGZ1bnNVWGZHYi13UzU2YjdJSkdQeGEtMzZOcVUzRldhN21YcnlNUXdwVTRsdHpueVNlaU5odE95cVEyTDJpX00yX2RUNDVoQ3hwMmpUZ3ZDdndhNGQ0RE1SVWUxdDhJbGtvPQ==
2025-10-26 19:29:10,316 - INFO - Z0FBQUFBQm9fbWgyTk9OS0s2SXpzaDJVeGg5MTRzZmtZeUI1dkFfaVdFVVItTjRYendHLV9SY2tRM1pPaUxlYjU5Z1RCdDRob0toRXVjUTlYRVRsVWdjNkZSUk9nLVpEblp6S2dteUZaVmQ4T19kcEU4LS1pczdienNrWUtjLXJ0UWRFVWpVQkduYnA=
2025-10-26 19:29:16,150 - INFO - Z0FBQUFBQm9fbWg4ejdrZlZidnVIdnVkMWxZMHd4cDJfVEtXOFYyTzFENldrc1ptTFNiZEI2YkJWYnAtWWxYbkZvQmhaYi14alF4WTVJeEk1MHcxakNBSmZhN1c1WFJOQWJjN29zc3ZseTFJMmh5Yk9fYllMeTdBQ0F2Z0ZhZV9DRVlkTVFTMGk1dlhPenNlYkxCSVh6SUtTNWt0VGdtay1hNkhSYUo4TnJsUjRfSHEycWxPVHkwPQ==
2025-10-26 19:29:50,891 - INFO - Z0FBQUFBQm9fbWllWC1lSjZQWV9XaXQwR2tXY3hzQ2RvX3VzcVBqbl9VQWJ0cmNZb0o3RURoU1gyZ2JLWmx5QjVfUFc0cU1VZkRFLXhZYmhvbUpacmc0N2YtQWNYRlpyWVl4dzZIYTFfc1czdkRvX1Z6ZklXb1AyWjZVME12X2ZTclZndWRSVkJSdkk=
2025-10-26 19:29:58,454 - INFO - Z0FBQUFBQm9fbWltYzg4OGs0NmtnNEhTTjIxX3B6aHMtV0FWaEpxWF9oSDl1eFR1MEhyRkdfYVFCaElQSGJMZkdFMHpvdlQ1UXUzd0VsUXJhTTZFR0NCMlphQlYxX3RMTVZqYkF0NHFzQ0JHTjNKMDVCMkRyYUptT250RnI2Ylh2M0ZpUGo1YkloZVhGaWlxQUpFZllWb2p2b2JBYzdWWTZOMEdzVDR0Y0xWR3l2NDZsTGhIRnVRPQ==
2025-10-26 19:30:50,169 - INFO - Z0FBQUFBQm9fbWphcHBFQ2NsUUVjeFJ6OThsdklRTlIxRkM2WUYwRXhObUFCN2tjZURxTmFmZTV2V3FUeEFxTklMNW52TV9nNmpkTzh2TU1BalpZOEd4VENra2xzQWRIZ0RrbFhnNzVRN2xFR3d5SWEyS3cyaHEyTVpCbmZYTElzdTlwMTRPTjRmOTM=
2025-10-26 19:30:56,477 - INFO - Z0FBQUFBQm9fbWpnYnFDRjB4aDNYMW5TRS02Mk4xclk3U3p0UkppdzNHTEdrTXVCcC14OUc1RVpidXEzQlg3S2NnZ0QyNXdqOWpPX21WQ1pqel82TXlLdU5ZS0w5Z0RnM3U1SkJNSDQ5WWdxaXJHZy1URVA2bXpnVWIzQnFILVBzUDVPMnM2SVBMaF9PR2NRWndQMmdSY2U4RXA2bjdsOU43OGg3QXVQVDJnN08tNUZtaTJQZ2c0PQ==
2025-10-26 19:31:23,881 - INFO - Z0FBQUFBQm9fbWo3dGNla1QzRDlIUGVzT211WW5JM0cwdDIwSlJwVVFCOWpzaDdaWDRWVVc1dzhsblRWRkdNUGprX2RrU3F0MV92anhlbzA1Q2RpNFBHV3FweWRJY2dlcTZ0ODBDZEwtM0x0Y003VG5fNDhHT1lzbjEwOHZHRkdNRm53RGo2NVZIUm0=
2025-10-26 19:31:28,603 - INFO - Z0FBQUFBQm9fbWtBWGZXenZqTkxwajBpaDFaOTYwNXF0ejdsd1JGdzJ3Q2JtNGt0V2U0WHhRUkN4OW9FUkMtMnEzSVRMMG5JQnZPclY4UmpvZl9zeUZ5R0JaMDJ2WGlYWS1NdnI1dlBQdHFEY1VteWhaTDlWZHhmNDFtNnFlSGRZMXp4Nmk2MGhiTXZNWFBDWUN6eE1qSzdST2hSWnhGOUxIN0hrS0hfa2pQU09pc0V6SC1WbFlnPQ==
2025-10-26 19:37:13,153 - INFO - Z0FBQUFBQm9fbXBaWGZQYnJqcnNQRnBsS3BZcXJRQzlhNWJOZTBaRkZjMHBoc0RfUy11UTJ4OVNpanNCOWZRNU1mSkoxNXBtRjg2OWJYck42ZlZvV1o2TVdtdlRaRm9GR0FVNnVaVkR3T3M3NUY1TGU1QzdEWk9RNHpLR00xa1dCekFTMklqczhBYWE=
2025-10-26 19:37:19,717 - INFO - Z0FBQUFBQm9fbXBmTnI0ZmdLMk5lLXltRHV4bVRFQUFNOXFUWHZnd2E4YkRValRJclA2b19KNmhudUE4QjZTSzhaTnlLalA4RXZSUThtZ3d2THA3djlvWDZJWGlqNlZLOTNZYzhFSzFYRVdHaXZxQUEzd0tsbXdfUUhGRm51enFfQzIzcS11ODZDZXF0ckN0Q1dnUzA5WWJXM2c3WTlaVTBvd0xQTXkxWkRzeDVycGdVTk8xcy1BPQ==
2025-10-26 19:38:57,313 - INFO - Z0FBQUFBQm9fbXJCM21MUFZlT3FSdno0dG14cE1FZjdpcFFLSElCOXNpcmo0RHBvVFR1SkpBTWFPT0taRHA2U3ZhdmNFMTZjZUYtZUEzWDNpYUJXOTBlYm9TRFdtckRIMnBxcHFUcklRQnhxcXJGV3dfTDN2ekdHRHZPMzhtZ3NFWmphVS1TNEdpV04=
2025-10-26 19:39:02,657 - INFO - Z0FBQUFBQm9fbXJHdlV2TG1FZVpQVElpMEQ2LXF4S3dlMEI1VTN0Y0pGN0M3emZHYkpiekxUblVBcV9Qekk4b2J4dHE5MFd0U3lHZWJqN0RhZkttX1V6VHlHVEJnZGtIR1ByZElpNnlURTlRekthTVZjbE5lNG00cmpscHBSbUNLLTRudVhIT3FEdTFvNGE5NXIyb1FaMUdsYkplQUVvWi10Zk1SRHlieG5OU1hrYVdwWkhDVjgwPQ==
2025-10-26 19:53:33,615 - INFO - Z0FBQUFBQm9fbTR0NGxlcmZRRGk1aWxmRFc1dFZRUlFnTXNxeWVUNkttOUFpckFWRWVhSDRUUENVQ19iWkhCTkNBd2lfRWpZQzJ5dnJLWUtHZDRtT1dWblNPdHZmQ0F6LVNhU3FSMjJva1Fzay1TX1lPOGJ4Z21vODVwRURCbDhURlU3c2NDaGVNaDY=
2025-10-26 19:53:39,432 - INFO - Z0FBQUFBQm9fbTR6ajUwQWVfRjc4clQzckVfeE4yTnBvU2xBbXo4d2g2OVZ5djA2VHVHNzJqWHR3d2pwc0d1Tkh2TGF2RXJZdTN5eGNpeVpKV042blBsUUJzOGJyblVHZVlCWjRhWE5LV1FHbldLR1FFOTJVdTBoYnd3Mmd0MFJXNzNQZkhJNkVTeXFJNGlreWlvV3FGNDVldjBwSVFNdE5ZSkJhSEFGR3dnamszemxmS3g2SVA0PQ==
2025-10-26 20:06:30,658 - INFO - Z0FBQUFBQm9fbkUyc3F2cXoxeVZPYkRsVUNkZFJUNGVaX3AtTnhxSFg4cWJGNl9UeXFJWEdKMzN6ejFlYXp6bXlGRldLc0tUemRlcHBtUGVBd0lnZDNaR25IVWlqNGNGSmhHcW9sU0xwSWVLMkgzUl8wOUxCOEh5LU5nVmJZUEJ0bnJ2cmdTWURFVDI=
2025-10-26 20:06:36,093 - INFO - Z0FBQUFBQm9fbkU4bzQyVjI4eW1TSDE5LXV0NGdIQ1ZESFVNZ1dybTIybnlObHU4NWdFU2VROXV6WUlpN29FampNT3hCVG1oWm12YV9qT1ZuVVZBTmRXTjZXOUZUYXU2a0Y0d3FHZFhNaFEtcWNNSGF1VWk0WGpCN2owc2Q3YzJIcG9mTlNRejZpbWVIT1ltSXV6SGhINERjdUFGVmFBVGs2a0s3LXQ5UGtMQ2RndEJiYlkzeXRjPQ==
2025-10-26 20:06:42,092 - INFO - Z0FBQUFBQm9fbkZDal9TN3hRSTlPWWViMkFlQUpHRXpWcFlIMnA1MGx0RDZHcnl0VzQwTGplVjdGT09LUzNvcm43NmVXWGd3RWZKcWtKbnJLSlVYSGNHbGxyNGZwUzc3cjFqTFRJbXdSYjZKRnFXbUEyTUQzYlJHNUdUeXY2ai1RNjJ0dkpzWjQ1OHQ2OHVCellib2NNdnZhNDkyS1p4blF4clJZYWoya1l6MTY2WGR6bGF6OVFrPQ==
